{"/Users/elizavetatukaylo/dev/rssreact2024/rssreact2024/src/components/Pagination/Pagination.tsx": {"path":"/Users/elizavetatukaylo/dev/rssreact2024/rssreact2024/src/components/Pagination/Pagination.tsx","statementMap":{"0":{"start":{"line":1,"column":0},"end":{"line":1,"column":33}},"1":{"start":{"line":2,"column":0},"end":{"line":2,"column":45}},"2":{"start":{"line":3,"column":0},"end":{"line":3,"column":43}},"3":{"start":{"line":5,"column":19},"end":{"line":51,"column":1}},"4":{"start":{"line":6,"column":21},"end":{"line":6,"column":24}},"5":{"start":{"line":7,"column":26},"end":{"line":7,"column":37}},"6":{"start":{"line":8,"column":22},"end":{"line":8,"column":52}},"7":{"start":{"line":10,"column":23},"end":{"line":10,"column":25}},"8":{"start":{"line":11,"column":16},"end":{"line":11,"column":18}},"9":{"start":{"line":12,"column":21},"end":{"line":12,"column":57}},"10":{"start":{"line":13,"column":2},"end":{"line":15,"column":3}},"11":{"start":{"line":13,"column":15},"end":{"line":13,"column":16}},"12":{"start":{"line":14,"column":4},"end":{"line":14,"column":18}},"13":{"start":{"line":17,"column":22},"end":{"line":17,"column":26}},"14":{"start":{"line":18,"column":25},"end":{"line":18,"column":26}},"15":{"start":{"line":19,"column":18},"end":{"line":19,"column":75}},"16":{"start":{"line":20,"column":16},"end":{"line":20,"column":46}},"17":{"start":{"line":22,"column":2},"end":{"line":25,"column":3}},"18":{"start":{"line":23,"column":4},"end":{"line":23,"column":25}},"19":{"start":{"line":24,"column":4},"end":{"line":24,"column":58}},"20":{"start":{"line":27,"column":28},"end":{"line":27,"column":63}},"21":{"start":{"line":29,"column":2},"end":{"line":50,"column":4}},"22":{"start":{"line":39,"column":10},"end":{"line":42,"column":null}},"23":{"start":{"line":41,"column":42},"end":{"line":41,"column":78}},"24":{"start":{"line":43,"column":27},"end":{"line":43,"column":40}},"25":{"start":{"line":53,"column":0},"end":{"line":53,"column":26}}},"fnMap":{"0":{"name":"(anonymous_1)","decl":{"start":{"line":5,"column":19},"end":{"line":5,"column":22}},"loc":{"start":{"line":5,"column":24},"end":{"line":51,"column":1}}},"1":{"name":"(anonymous_2)","decl":{"start":{"line":38,"column":31},"end":{"line":38,"column":32}},"loc":{"start":{"line":39,"column":10},"end":{"line":42,"column":null}}},"2":{"name":"(anonymous_3)","decl":{"start":{"line":41,"column":23},"end":{"line":41,"column":24}},"loc":{"start":{"line":41,"column":42},"end":{"line":41,"column":78}}},"3":{"name":"(anonymous_4)","decl":{"start":{"line":43,"column":21},"end":{"line":43,"column":24}},"loc":{"start":{"line":43,"column":27},"end":{"line":43,"column":40}}}},"branchMap":{"0":{"loc":{"start":{"line":22,"column":2},"end":{"line":25,"column":3}},"type":"if","locations":[{"start":{"line":22,"column":2},"end":{"line":25,"column":3}}]},"1":{"loc":{"start":{"line":32,"column":8},"end":{"line":34,"column":23}},"type":"cond-expr","locations":[{"start":{"line":33,"column":12},"end":{"line":33,"column":56}},{"start":{"line":34,"column":12},"end":{"line":34,"column":23}}]},"2":{"loc":{"start":{"line":41,"column":42},"end":{"line":41,"column":78}},"type":"cond-expr","locations":[{"start":{"line":41,"column":53},"end":{"line":41,"column":66}},{"start":{"line":41,"column":69},"end":{"line":41,"column":78}}]}},"s":{"0":1,"1":1,"2":1,"3":1,"4":1,"5":1,"6":1,"7":1,"8":1,"9":1,"10":1,"11":1,"12":44,"13":1,"14":1,"15":1,"16":1,"17":1,"18":0,"19":0,"20":1,"21":1,"22":6,"23":6,"24":0,"25":1},"f":{"0":1,"1":6,"2":6,"3":0},"b":{"0":[0],"1":[0,1],"2":[0,6]}}
,"/Users/elizavetatukaylo/dev/rssreact2024/rssreact2024/src/components/Search/Search.tsx": {"path":"/Users/elizavetatukaylo/dev/rssreact2024/rssreact2024/src/components/Search/Search.tsx","statementMap":{"0":{"start":{"line":2,"column":0},"end":{"line":2,"column":56}},"1":{"start":{"line":3,"column":0},"end":{"line":3,"column":41}},"2":{"start":{"line":4,"column":0},"end":{"line":4,"column":47}},"3":{"start":{"line":6,"column":25},"end":{"line":44,"column":1}},"4":{"start":{"line":7,"column":40},"end":{"line":7,"column":69}},"5":{"start":{"line":8,"column":22},"end":{"line":8,"column":56}},"6":{"start":{"line":9,"column":19},"end":{"line":9,"column":32}},"7":{"start":{"line":11,"column":27},"end":{"line":15,"column":3}},"8":{"start":{"line":12,"column":4},"end":{"line":12,"column":27}},"9":{"start":{"line":13,"column":4},"end":{"line":13,"column":39}},"10":{"start":{"line":14,"column":4},"end":{"line":14,"column":53}},"11":{"start":{"line":17,"column":23},"end":{"line":19,"column":3}},"12":{"start":{"line":18,"column":4},"end":{"line":18,"column":39}},"13":{"start":{"line":21,"column":2},"end":{"line":43,"column":4}},"14":{"start":{"line":45,"column":0},"end":{"line":45,"column":22}}},"fnMap":{"0":{"name":"(anonymous_1)","decl":{"start":{"line":6,"column":25},"end":{"line":6,"column":28}},"loc":{"start":{"line":6,"column":30},"end":{"line":44,"column":1}}},"1":{"name":"(anonymous_2)","decl":{"start":{"line":11,"column":27},"end":{"line":11,"column":28}},"loc":{"start":{"line":11,"column":77},"end":{"line":15,"column":3}}},"2":{"name":"(anonymous_3)","decl":{"start":{"line":17,"column":23},"end":{"line":17,"column":24}},"loc":{"start":{"line":17,"column":64},"end":{"line":19,"column":3}}}},"branchMap":{"0":{"loc":{"start":{"line":24,"column":8},"end":{"line":26,"column":44}},"type":"cond-expr","locations":[{"start":{"line":25,"column":12},"end":{"line":25,"column":85}},{"start":{"line":26,"column":12},"end":{"line":26,"column":44}}]}},"s":{"0":1,"1":1,"2":1,"3":1,"4":5,"5":5,"6":5,"7":5,"8":1,"9":1,"10":1,"11":5,"12":1,"13":5,"14":1},"f":{"0":5,"1":1,"2":1},"b":{"0":[0,5]}}
,"/Users/elizavetatukaylo/dev/rssreact2024/rssreact2024/src/components/Search/index.ts": {"path":"/Users/elizavetatukaylo/dev/rssreact2024/rssreact2024/src/components/Search/index.ts","statementMap":{"0":{"start":{"line":1,"column":0},"end":{"line":1,"column":9}},"1":{"start":{"line":1,"column":9},"end":{"line":1,"column":35}}},"fnMap":{"0":{"name":"(anonymous_1)","decl":{"start":{"line":1,"column":9},"end":{"line":1,"column":16}},"loc":{"start":{"line":1,"column":9},"end":{"line":1,"column":35}}}},"branchMap":{},"s":{"0":1,"1":4},"f":{"0":3},"b":{}}
,"/Users/elizavetatukaylo/dev/rssreact2024/rssreact2024/src/hooks/useSearchQuery.ts": {"path":"/Users/elizavetatukaylo/dev/rssreact2024/rssreact2024/src/hooks/useSearchQuery.ts","statementMap":{"0":{"start":{"line":1,"column":0},"end":{"line":1,"column":44}},"1":{"start":{"line":4,"column":28},"end":{"line":6,"column":4}},"2":{"start":{"line":5,"column":4},"end":{"line":5,"column":43}},"3":{"start":{"line":8,"column":2},"end":{"line":12,"column":9}},"4":{"start":{"line":9,"column":4},"end":{"line":11,"column":6}},"5":{"start":{"line":10,"column":6},"end":{"line":10,"column":39}},"6":{"start":{"line":14,"column":2},"end":{"line":14,"column":27}},"7":{"start":{"line":17,"column":0},"end":{"line":17,"column":30}}},"fnMap":{"0":{"name":"useSearchQuery","decl":{"start":{"line":3,"column":9},"end":{"line":3,"column":23}},"loc":{"start":{"line":3,"column":35},"end":{"line":15,"column":1}}},"1":{"name":"(anonymous_1)","decl":{"start":{"line":4,"column":45},"end":{"line":4,"column":48}},"loc":{"start":{"line":4,"column":50},"end":{"line":6,"column":3}}},"2":{"name":"(anonymous_2)","decl":{"start":{"line":8,"column":12},"end":{"line":8,"column":15}},"loc":{"start":{"line":8,"column":17},"end":{"line":12,"column":3}}},"3":{"name":"(anonymous_3)","decl":{"start":{"line":9,"column":11},"end":{"line":9,"column":14}},"loc":{"start":{"line":9,"column":16},"end":{"line":11,"column":5}}}},"branchMap":{"0":{"loc":{"start":{"line":5,"column":11},"end":{"line":5,"column":42}},"type":"binary-expr","locations":[{"start":{"line":5,"column":11},"end":{"line":5,"column":36}},{"start":{"line":5,"column":40},"end":{"line":5,"column":42}}]}},"s":{"0":1,"1":5,"2":3,"3":5,"4":3,"5":3,"6":5,"7":1},"f":{"0":5,"1":3,"2":3,"3":3},"b":{"0":[3,2]}}
,"/Users/elizavetatukaylo/dev/rssreact2024/rssreact2024/src/pages/main-page/MainPageCard.tsx": {"path":"/Users/elizavetatukaylo/dev/rssreact2024/rssreact2024/src/pages/main-page/MainPageCard.tsx","statementMap":{"0":{"start":{"line":1,"column":0},"end":{"line":1,"column":44}},"1":{"start":{"line":2,"column":0},"end":{"line":2,"column":43}},"2":{"start":{"line":3,"column":0},"end":{"line":3,"column":33}},"3":{"start":{"line":6,"column":21},"end":{"line":43,"column":1}},"4":{"start":{"line":7,"column":28},"end":{"line":7,"column":50}},"5":{"start":{"line":9,"column":23},"end":{"line":12,"column":3}},"6":{"start":{"line":10,"column":4},"end":{"line":10,"column":42}},"7":{"start":{"line":11,"column":4},"end":{"line":11,"column":37}},"8":{"start":{"line":13,"column":22},"end":{"line":13,"column":52}},"9":{"start":{"line":14,"column":2},"end":{"line":42,"column":4}},"10":{"start":{"line":45,"column":0},"end":{"line":45,"column":28}}},"fnMap":{"0":{"name":"(anonymous_1)","decl":{"start":{"line":6,"column":21},"end":{"line":6,"column":22}},"loc":{"start":{"line":6,"column":38},"end":{"line":43,"column":1}}},"1":{"name":"(anonymous_2)","decl":{"start":{"line":9,"column":23},"end":{"line":9,"column":24}},"loc":{"start":{"line":9,"column":57},"end":{"line":12,"column":3}}}},"branchMap":{"0":{"loc":{"start":{"line":20,"column":12},"end":{"line":22,"column":54}},"type":"cond-expr","locations":[{"start":{"line":21,"column":16},"end":{"line":21,"column":101}},{"start":{"line":22,"column":16},"end":{"line":22,"column":54}}]},"1":{"loc":{"start":{"line":37,"column":9},"end":{"line":38,"column":null}},"type":"binary-expr","locations":[{"start":{"line":37,"column":9},"end":{"line":37,"column":21}},{"start":{"line":38,"column":10},"end":{"line":38,"column":68}}]}},"s":{"0":1,"1":1,"2":1,"3":1,"4":2,"5":2,"6":0,"7":0,"8":2,"9":2,"10":1},"f":{"0":2,"1":0},"b":{"0":[0,2],"1":[2,2]}}
,"/Users/elizavetatukaylo/dev/rssreact2024/rssreact2024/src/pages/main-page/MainPageCardList.tsx": {"path":"/Users/elizavetatukaylo/dev/rssreact2024/rssreact2024/src/pages/main-page/MainPageCardList.tsx","statementMap":{"0":{"start":{"line":2,"column":0},"end":{"line":2,"column":42}},"1":{"start":{"line":8,"column":17},"end":{"line":33,"column":1}},"2":{"start":{"line":9,"column":16},"end":{"line":9,"column":27}},"3":{"start":{"line":10,"column":2},"end":{"line":32,"column":3}},"4":{"start":{"line":11,"column":4},"end":{"line":29,"column":6}},"5":{"start":{"line":14,"column":10},"end":{"line":26,"column":12}},"6":{"start":{"line":31,"column":4},"end":{"line":31,"column":42}},"7":{"start":{"line":35,"column":0},"end":{"line":35,"column":24}}},"fnMap":{"0":{"name":"(anonymous_1)","decl":{"start":{"line":8,"column":17},"end":{"line":8,"column":18}},"loc":{"start":{"line":8,"column":33},"end":{"line":33,"column":1}}},"1":{"name":"(anonymous_2)","decl":{"start":{"line":13,"column":19},"end":{"line":13,"column":20}},"loc":{"start":{"line":13,"column":35},"end":{"line":27,"column":9}}}},"branchMap":{"0":{"loc":{"start":{"line":10,"column":2},"end":{"line":32,"column":3}},"type":"if","locations":[{"start":{"line":10,"column":2},"end":{"line":32,"column":3}},{"start":{"line":30,"column":9},"end":{"line":32,"column":3}}]}},"s":{"0":1,"1":1,"2":2,"3":2,"4":1,"5":2,"6":1,"7":1},"f":{"0":2,"1":2},"b":{"0":[1,1]}}
}
