TN:
SF:src/components/Pagination/Pagination.tsx
FN:5,(anonymous_1)
FN:38,(anonymous_2)
FN:41,(anonymous_3)
FN:43,(anonymous_4)
FNF:4
FNH:3
FNDA:1,(anonymous_1)
FNDA:6,(anonymous_2)
FNDA:6,(anonymous_3)
FNDA:0,(anonymous_4)
DA:1,1
DA:2,1
DA:3,1
DA:5,1
DA:6,1
DA:7,1
DA:8,1
DA:10,1
DA:11,1
DA:12,1
DA:13,1
DA:14,44
DA:17,1
DA:18,1
DA:19,1
DA:20,1
DA:22,1
DA:23,0
DA:24,0
DA:27,1
DA:29,1
DA:39,6
DA:41,6
DA:43,0
DA:53,1
LF:25
LH:22
BRDA:22,0,0,0
BRDA:32,1,0,0
BRDA:32,1,1,1
BRDA:41,2,0,0
BRDA:41,2,1,6
BRF:5
BRH:2
end_of_record
TN:
SF:src/components/Search/Search.tsx
FN:6,(anonymous_1)
FN:11,(anonymous_2)
FN:17,(anonymous_3)
FNF:3
FNH:3
FNDA:5,(anonymous_1)
FNDA:1,(anonymous_2)
FNDA:1,(anonymous_3)
DA:2,1
DA:3,1
DA:4,1
DA:6,1
DA:7,5
DA:8,5
DA:9,5
DA:11,5
DA:12,1
DA:13,1
DA:14,1
DA:17,5
DA:18,1
DA:21,5
DA:45,1
LF:15
LH:15
BRDA:24,0,0,0
BRDA:24,0,1,5
BRF:2
BRH:1
end_of_record
TN:
SF:src/components/Search/index.ts
FN:1,(anonymous_1)
FNF:1
FNH:1
FNDA:3,(anonymous_1)
DA:1,4
LF:1
LH:1
BRF:0
BRH:0
end_of_record
TN:
SF:src/hooks/useSearchQuery.ts
FN:3,useSearchQuery
FN:4,(anonymous_1)
FN:8,(anonymous_2)
FN:9,(anonymous_3)
FNF:4
FNH:4
FNDA:5,useSearchQuery
FNDA:3,(anonymous_1)
FNDA:3,(anonymous_2)
FNDA:3,(anonymous_3)
DA:1,1
DA:4,5
DA:5,3
DA:8,5
DA:9,3
DA:10,3
DA:14,5
DA:17,1
LF:8
LH:8
BRDA:5,0,0,3
BRDA:5,0,1,2
BRF:2
BRH:2
end_of_record
TN:
SF:src/pages/main-page/MainPageCard.tsx
FN:6,(anonymous_1)
FN:9,(anonymous_2)
FNF:2
FNH:1
FNDA:2,(anonymous_1)
FNDA:0,(anonymous_2)
DA:1,1
DA:2,1
DA:3,1
DA:6,1
DA:7,2
DA:9,2
DA:10,0
DA:11,0
DA:13,2
DA:14,2
DA:45,1
LF:11
LH:9
BRDA:20,0,0,0
BRDA:20,0,1,2
BRDA:37,1,0,2
BRDA:37,1,1,2
BRF:4
BRH:3
end_of_record
TN:
SF:src/pages/main-page/MainPageCardList.tsx
FN:8,(anonymous_1)
FN:13,(anonymous_2)
FNF:2
FNH:2
FNDA:2,(anonymous_1)
FNDA:2,(anonymous_2)
DA:2,1
DA:8,1
DA:9,2
DA:10,2
DA:11,1
DA:14,2
DA:31,1
DA:35,1
LF:8
LH:8
BRDA:10,0,0,1
BRDA:10,0,1,1
BRF:2
BRH:2
end_of_record
